{"level":"info","message":"MongoDB connected successfully","timestamp":"2025-09-04T15:04:20.134Z"}
{"level":"info","message":"Server is alive on PORT:5000 in undefined environment","timestamp":"2025-09-04T15:04:20.139Z"}
{"level":"info","message":"GET /api/v1/schedule","timestamp":"2025-09-04T15:04:51.556Z"}
{"level":"info","message":"GET /api/v1/schedule","timestamp":"2025-09-04T15:04:51.569Z"}
{"level":"info","message":"POST /api/v1/schedule","timestamp":"2025-09-04T15:05:21.027Z"}
{"level":"info","message":"MongoDB connected successfully","timestamp":"2025-09-04T15:08:04.419Z"}
{"level":"info","message":"Server is alive on PORT:5000 in undefined environment","timestamp":"2025-09-04T15:08:04.430Z"}
{"level":"info","message":"MongoDB connected successfully","timestamp":"2025-09-04T15:09:12.190Z"}
{"level":"info","message":"Server is alive on PORT:5000 in undefined environment","timestamp":"2025-09-04T15:09:12.205Z"}
{"level":"info","message":"MongoDB connected successfully","timestamp":"2025-09-04T15:09:15.466Z"}
{"level":"info","message":"Server is alive on PORT:5000 in undefined environment","timestamp":"2025-09-04T15:09:15.477Z"}
{"level":"info","message":"MongoDB connected successfully","timestamp":"2025-09-04T15:11:11.862Z"}
{"level":"info","message":"Server is alive on PORT:5000 in undefined environment","timestamp":"2025-09-04T15:11:11.872Z"}
{"level":"info","message":"POST /api/v1/schedule","timestamp":"2025-09-04T15:11:15.511Z"}
{"level":"info","message":"PUT /api/v1/schedule/undefined","timestamp":"2025-09-04T15:11:46.419Z"}
{"level":"info","message":"GET /api/v1/schedule","timestamp":"2025-09-04T15:13:36.120Z"}
{"level":"info","message":"GET /api/v1/schedule","timestamp":"2025-09-04T15:22:23.045Z"}
{"level":"info","message":"PUT /api/v1/schedule/68b9ac13b1d2b6c3af91e2f0","timestamp":"2025-09-04T15:23:13.010Z"}
{"level":"info","message":"DELETE /api/v1/schedule/68b9ac13b1d2b6c3af91e2f0","timestamp":"2025-09-04T15:23:26.765Z"}
{"level":"info","message":"GET /api/v1/schedule","timestamp":"2025-09-04T15:26:26.016Z"}
{"level":"info","message":"GET /api/v1/schedule","timestamp":"2025-09-04T15:26:34.351Z"}
{"level":"info","message":"GET /api/v1/schedule","timestamp":"2025-09-04T15:26:34.408Z"}
{"level":"info","message":"POST /api/v1/schedule","timestamp":"2025-09-04T15:27:12.601Z"}
{"level":"info","message":"PUT /api/v1/schedule/68b9afd0b1d2b6c3af91e2f9","timestamp":"2025-09-04T15:27:24.149Z"}
{"level":"info","message":"GET /api/v1/schedule","timestamp":"2025-09-04T15:33:06.292Z"}
{"level":"info","message":"GET /api/v1/schedule","timestamp":"2025-09-04T15:33:06.471Z"}
{"level":"info","message":"MongoDB connected successfully","timestamp":"2025-09-04T15:36:35.341Z"}
{"level":"info","message":"Server is alive on PORT:5000 in undefined environment","timestamp":"2025-09-04T15:36:35.353Z"}
{"level":"info","message":"MongoDB connected successfully","timestamp":"2025-09-04T15:36:40.681Z"}
{"level":"info","message":"Server is alive on PORT:5000 in undefined environment","timestamp":"2025-09-04T15:36:40.692Z"}
{"level":"info","message":"MongoDB connected successfully","timestamp":"2025-09-04T15:36:58.050Z"}
{"level":"info","message":"Server is alive on PORT:5000 in undefined environment","timestamp":"2025-09-04T15:36:58.060Z"}
{"level":"info","message":"MongoDB connected successfully","timestamp":"2025-09-04T15:37:15.028Z"}
{"level":"info","message":"Server is alive on PORT:5000 in undefined environment","timestamp":"2025-09-04T15:37:15.038Z"}
{"level":"info","message":"MongoDB connected successfully","timestamp":"2025-09-04T15:37:50.281Z"}
{"level":"info","message":"Server is alive on PORT:5000 in undefined environment","timestamp":"2025-09-04T15:37:50.289Z"}
{"level":"info","message":"MongoDB connected successfully","timestamp":"2025-09-04T15:53:13.693Z"}
{"level":"info","message":"Server is alive on PORT:5000 in undefined environment","timestamp":"2025-09-04T15:53:13.703Z"}
{"level":"info","message":"MongoDB connected successfully","timestamp":"2025-09-04T15:53:50.713Z"}
{"level":"info","message":"Server is alive on PORT:5000 in undefined environment","timestamp":"2025-09-04T15:53:50.719Z"}
{"level":"info","message":"MongoDB connected successfully","timestamp":"2025-09-04T15:53:59.894Z"}
{"level":"info","message":"Server is alive on PORT:5000 in undefined environment","timestamp":"2025-09-04T15:53:59.903Z"}
{"level":"info","message":"POST /api/v1/budget","timestamp":"2025-09-04T15:54:05.509Z"}
{"level":"info","message":"DELETE /api/v1/budget/68b9b61de0c247be7c4934cc","timestamp":"2025-09-04T15:54:10.720Z"}
{"level":"info","message":"GET /api/v1/budget","timestamp":"2025-09-04T15:56:23.773Z"}
{"level":"info","message":"GET /api/v1/budget","timestamp":"2025-09-04T15:56:27.854Z"}
{"level":"info","message":"GET /api/v1/budget","timestamp":"2025-09-04T15:56:27.917Z"}
{"level":"info","message":"GET /api/v1/budget","timestamp":"2025-09-04T15:58:12.567Z"}
{"level":"info","message":"GET /api/v1/budget","timestamp":"2025-09-04T15:58:12.631Z"}
{"level":"info","message":"GET /api/v1/budget","timestamp":"2025-09-04T15:58:19.143Z"}
{"level":"info","message":"GET /api/v1/budget","timestamp":"2025-09-04T15:58:19.204Z"}
{"level":"info","message":"GET /api/v1/budget","timestamp":"2025-09-04T16:00:26.835Z"}
{"level":"info","message":"GET /api/v1/budget","timestamp":"2025-09-04T16:00:26.902Z"}
{"level":"info","message":"POST /api/v1/budget","timestamp":"2025-09-04T16:01:02.013Z"}
{"level":"info","message":"GET /api/v1/budget","timestamp":"2025-09-04T16:02:41.018Z"}
{"level":"info","message":"GET /api/v1/budget","timestamp":"2025-09-04T16:02:43.376Z"}
{"level":"info","message":"GET /api/v1/budget","timestamp":"2025-09-04T16:02:43.438Z"}
{"level":"info","message":"MongoDB connected successfully","timestamp":"2025-09-04T16:08:03.512Z"}
{"level":"info","message":"Server is alive on PORT:5000 in undefined environment","timestamp":"2025-09-04T16:08:03.520Z"}
{"level":"info","message":"MongoDB connected successfully","timestamp":"2025-09-06T14:24:40.622Z"}
{"level":"info","message":"Server is alive on PORT:5000 in undefined environment","timestamp":"2025-09-06T14:24:40.633Z"}
{"level":"info","message":"GET /api/v1/schedule","timestamp":"2025-09-06T14:33:03.909Z"}
{"level":"info","message":"GET /api/v1/schedule","timestamp":"2025-09-06T14:33:04.061Z"}
{"level":"info","message":"GET /api/v1/schedule","timestamp":"2025-09-06T14:38:24.038Z"}
{"level":"info","message":"GET /api/v1/schedule","timestamp":"2025-09-06T14:38:24.118Z"}
{"level":"info","message":"GET /api/v1/schedule","timestamp":"2025-09-06T14:38:38.218Z"}
{"level":"info","message":"GET /api/v1/schedule","timestamp":"2025-09-06T14:38:38.294Z"}
{"level":"info","message":"GET /api/v1/schedule","timestamp":"2025-09-06T14:40:42.928Z"}
{"level":"info","message":"GET /api/v1/schedule","timestamp":"2025-09-06T14:43:19.665Z"}
{"level":"info","message":"GET /api/v1/schedule","timestamp":"2025-09-06T14:43:19.751Z"}
{"level":"info","message":"GET /api/v1/schedule","timestamp":"2025-09-06T14:43:44.736Z"}
{"level":"info","message":"GET /api/v1/schedule","timestamp":"2025-09-06T14:43:44.803Z"}
{"level":"info","message":"GET /api/v1/schedule","timestamp":"2025-09-06T14:45:50.247Z"}
{"level":"info","message":"GET /api/v1/schedule","timestamp":"2025-09-06T14:45:50.321Z"}
{"level":"info","message":"GET /api/v1/schedule","timestamp":"2025-09-06T14:46:01.083Z"}
{"level":"info","message":"GET /api/v1/schedule","timestamp":"2025-09-06T14:46:05.413Z"}
{"level":"info","message":"GET /api/v1/schedule","timestamp":"2025-09-06T14:46:05.488Z"}
{"level":"info","message":"GET /api/v1/schedule","timestamp":"2025-09-06T14:50:13.632Z"}
{"level":"info","message":"GET /api/v1/schedule","timestamp":"2025-09-06T14:50:14.009Z"}
{"level":"info","message":"GET /api/v1/schedule","timestamp":"2025-09-06T14:53:23.026Z"}
{"level":"info","message":"GET /api/v1/schedule","timestamp":"2025-09-06T14:53:23.112Z"}
{"level":"info","message":"GET /api/v1/schedule","timestamp":"2025-09-06T14:53:48.960Z"}
{"level":"info","message":"POST /api/v1/schedule","timestamp":"2025-09-06T14:54:02.269Z"}
{"level":"info","message":"GET /api/v1/schedule","timestamp":"2025-09-06T14:54:17.645Z"}
{"level":"info","message":"GET /api/v1/schedule","timestamp":"2025-09-06T14:54:17.727Z"}
{"level":"info","message":"GET /api/v1/schedule","timestamp":"2025-09-06T14:57:40.030Z"}
{"level":"info","message":"GET /api/v1/schedule","timestamp":"2025-09-06T14:57:40.243Z"}
{"level":"info","message":"GET /api/v1/schedule","timestamp":"2025-09-06T15:00:32.011Z"}
{"level":"info","message":"GET /api/v1/schedule","timestamp":"2025-09-06T15:00:32.199Z"}
{"level":"info","message":"GET /api/v1/schedule","timestamp":"2025-09-06T15:06:45.852Z"}
{"level":"info","message":"GET /api/v1/schedule","timestamp":"2025-09-06T15:06:45.930Z"}
{"level":"info","message":"GET /api/v1/schedule","timestamp":"2025-09-06T15:10:10.961Z"}
{"level":"info","message":"GET /api/v1/schedule","timestamp":"2025-09-06T15:10:11.024Z"}
{"level":"info","message":"PUT /api/v1/schedule/68b9afd0b1d2b6c3af91e2f9","timestamp":"2025-09-06T15:12:22.340Z"}
{"level":"info","message":"GET /api/v1/budget","timestamp":"2025-09-06T15:15:34.178Z"}
{"level":"info","message":"GET /api/v1/budget","timestamp":"2025-09-06T15:15:34.354Z"}
{"level":"info","message":"GET /api/v1/schedule","timestamp":"2025-09-06T15:15:53.211Z"}
{"level":"info","message":"GET /api/v1/schedule","timestamp":"2025-09-06T15:15:53.272Z"}
{"level":"info","message":"GET /api/v1/schedule","timestamp":"2025-09-06T15:16:45.203Z"}
{"level":"info","message":"GET /api/v1/schedule","timestamp":"2025-09-06T15:16:45.279Z"}
{"level":"info","message":"GET /api/v1/schedule","timestamp":"2025-09-06T15:18:15.682Z"}
{"level":"info","message":"GET /api/v1/schedule","timestamp":"2025-09-06T15:18:15.867Z"}
{"level":"info","message":"GET /api/v1/schedule","timestamp":"2025-09-06T15:24:15.057Z"}
{"level":"info","message":"GET /api/v1/schedule","timestamp":"2025-09-06T15:24:15.233Z"}
{"level":"info","message":"MongoDB connected successfully","timestamp":"2025-09-06T15:28:04.931Z"}
{"level":"info","message":"Server is alive on PORT:5000 in undefined environment","timestamp":"2025-09-06T15:28:04.961Z"}
{"level":"info","message":"GET /api/v1/budget","timestamp":"2025-09-06T15:29:08.277Z"}
{"level":"info","message":"GET /api/v1/budget","timestamp":"2025-09-06T15:29:08.435Z"}
{"level":"info","message":"GET /api/v1/schedule","timestamp":"2025-09-06T15:29:15.043Z"}
{"level":"info","message":"GET /api/v1/schedule","timestamp":"2025-09-06T15:29:15.221Z"}
{"level":"info","message":"GET /api/v1/schedule","timestamp":"2025-09-06T15:29:56.063Z"}
{"level":"info","message":"GET /api/v1/schedule","timestamp":"2025-09-06T15:30:03.078Z"}
{"level":"info","message":"MongoDB connected successfully","timestamp":"2025-09-06T15:42:21.322Z"}
{"level":"info","message":"Server is alive on PORT:5000 in undefined environment","timestamp":"2025-09-06T15:42:21.334Z"}
{"level":"info","message":"MongoDB connected successfully","timestamp":"2025-09-10T14:52:56.232Z"}
{"level":"info","message":"Server is alive on PORT:5000 in undefined environment","timestamp":"2025-09-10T14:52:56.235Z"}
{"level":"info","message":"GET /api/v1/schedule","timestamp":"2025-09-10T14:53:22.443Z"}
{"level":"info","message":"GET /api/v1/schedule","timestamp":"2025-09-10T14:53:22.514Z"}
{"level":"info","message":"GET /api/v1/schedule","timestamp":"2025-09-10T15:00:44.014Z"}
{"level":"info","message":"GET /api/v1/schedule","timestamp":"2025-09-10T15:00:44.090Z"}
{"level":"info","message":"GET /api/v1/schedule","timestamp":"2025-09-10T15:01:44.998Z"}
{"level":"info","message":"GET /api/v1/schedule","timestamp":"2025-09-10T15:01:45.053Z"}
{"level":"info","message":"GET /api/v1/schedule","timestamp":"2025-09-10T15:01:52.111Z"}
{"level":"info","message":"GET /api/v1/schedule","timestamp":"2025-09-10T15:01:52.170Z"}
{"level":"info","message":"DELETE /api/v1/schedule/68bc4b0a9a9517c25fa87cb7","timestamp":"2025-09-10T15:02:01.546Z"}
{"level":"info","message":"GET /api/v1/schedule","timestamp":"2025-09-10T15:03:54.918Z"}
{"level":"info","message":"GET /api/v1/schedule","timestamp":"2025-09-10T15:03:55.290Z"}
{"level":"info","message":"GET /api/v1/schedule","timestamp":"2025-09-10T15:03:56.141Z"}
{"level":"info","message":"GET /api/v1/schedule","timestamp":"2025-09-10T15:03:56.205Z"}
{"level":"info","message":"GET /api/v1/schedule","timestamp":"2025-09-10T15:04:04.250Z"}
{"level":"info","message":"GET /api/v1/schedule","timestamp":"2025-09-10T15:04:04.309Z"}
{"level":"info","message":"GET /api/v1/schedule","timestamp":"2025-09-10T15:04:14.131Z"}
{"level":"info","message":"GET /api/v1/schedule","timestamp":"2025-09-10T15:04:14.191Z"}
{"level":"info","message":"GET /api/v1/schedule","timestamp":"2025-09-10T15:04:18.115Z"}
{"level":"info","message":"GET /api/v1/schedule","timestamp":"2025-09-10T15:04:18.166Z"}
{"level":"info","message":"GET /api/v1/schedule","timestamp":"2025-09-10T15:04:20.099Z"}
{"level":"info","message":"GET /api/v1/schedule","timestamp":"2025-09-10T15:04:20.166Z"}
{"level":"info","message":"GET /api/v1/schedule","timestamp":"2025-09-10T15:04:27.079Z"}
{"level":"info","message":"GET /api/v1/schedule","timestamp":"2025-09-10T15:04:27.131Z"}
{"level":"info","message":"GET /api/v1/schedule","timestamp":"2025-09-10T15:06:54.633Z"}
{"level":"info","message":"GET /api/v1/schedule","timestamp":"2025-09-10T15:06:54.979Z"}
{"level":"info","message":"DELETE /api/v1/schedule/68b9afd0b1d2b6c3af91e2f9","timestamp":"2025-09-10T15:07:03.557Z"}
{"level":"info","message":"GET /api/v1/budget","timestamp":"2025-09-10T15:07:07.422Z"}
{"level":"info","message":"GET /api/v1/budget","timestamp":"2025-09-10T15:07:07.478Z"}
{"level":"info","message":"GET /api/v1/schedule","timestamp":"2025-09-10T15:07:17.815Z"}
{"level":"info","message":"GET /api/v1/schedule","timestamp":"2025-09-10T15:07:17.871Z"}
{"level":"info","message":"POST /api/v1/schedule","timestamp":"2025-09-10T15:07:44.610Z"}
{"level":"info","message":"GET /api/v1/schedule","timestamp":"2025-09-10T15:14:28.686Z"}
{"level":"info","message":"GET /api/v1/schedule","timestamp":"2025-09-10T15:14:37.433Z"}
{"level":"info","message":"GET /api/v1/schedule","timestamp":"2025-09-10T15:14:37.485Z"}
{"level":"info","message":"GET /api/v1/schedule","timestamp":"2025-09-10T15:14:44.372Z"}
{"level":"info","message":"GET /api/v1/schedule","timestamp":"2025-09-10T15:14:44.425Z"}
{"level":"info","message":"GET /api/v1/schedule","timestamp":"2025-09-10T15:14:47.152Z"}
{"level":"info","message":"GET /api/v1/schedule","timestamp":"2025-09-10T15:14:47.204Z"}
{"level":"info","message":"MongoDB connected successfully","timestamp":"2025-09-10T15:17:36.799Z"}
{"level":"info","message":"Server is alive on PORT:5000 in undefined environment","timestamp":"2025-09-10T15:17:36.808Z"}
{"level":"info","message":"GET /api/v1/schedule","timestamp":"2025-09-10T15:17:48.330Z"}
{"level":"info","message":"GET /api/v1/schedule","timestamp":"2025-09-10T15:17:48.426Z"}
{"level":"info","message":"GET /api/v1/schedule","timestamp":"2025-09-10T15:18:08.384Z"}
{"level":"info","message":"GET /api/v1/schedule","timestamp":"2025-09-10T15:18:08.449Z"}
{"level":"info","message":"GET /api/v1/schedule","timestamp":"2025-09-10T15:20:27.209Z"}
{"level":"info","message":"GET /api/v1/schedule","timestamp":"2025-09-10T15:20:27.270Z"}
{"level":"info","message":"GET /api/v1/schedule","timestamp":"2025-09-10T15:20:52.289Z"}
{"level":"info","message":"GET /api/v1/schedule","timestamp":"2025-09-10T15:20:52.347Z"}
{"level":"info","message":"GET /api/v1/schedule","timestamp":"2025-09-10T15:22:23.786Z"}
{"level":"info","message":"GET /api/v1/schedule","timestamp":"2025-09-10T15:22:23.847Z"}
{"level":"info","message":"GET /api/v1/schedule","timestamp":"2025-09-10T15:26:32.823Z"}
{"level":"info","message":"GET /api/v1/schedule","timestamp":"2025-09-10T15:26:32.879Z"}
{"level":"info","message":"GET /api/v1/schedule","timestamp":"2025-09-10T15:26:45.202Z"}
{"level":"info","message":"GET /api/v1/schedule","timestamp":"2025-09-10T15:26:45.264Z"}
{"level":"info","message":"PUT /api/v1/schedule/68c19440dc5e88578af3be73","timestamp":"2025-09-10T15:31:43.066Z"}
{"level":"info","message":"DELETE /api/v1/schedule/68c19440dc5e88578af3be73","timestamp":"2025-09-10T15:31:53.368Z"}
{"level":"info","message":"GET /api/v1/schedule","timestamp":"2025-09-10T15:32:56.298Z"}
{"level":"info","message":"GET /api/v1/schedule","timestamp":"2025-09-10T15:32:56.349Z"}
{"level":"info","message":"POST /api/v1/schedule","timestamp":"2025-09-10T15:34:48.074Z"}
{"level":"info","message":"PUT /api/v1/schedule/68c19a98b651484b45385a42","timestamp":"2025-09-10T15:35:08.266Z"}
{"level":"info","message":"GET /api/v1/budget","timestamp":"2025-09-10T15:35:24.422Z"}
{"level":"info","message":"GET /api/v1/budget","timestamp":"2025-09-10T15:35:24.487Z"}
{"level":"info","message":"GET /api/v1/budget","timestamp":"2025-09-10T15:38:02.988Z"}
{"level":"info","message":"GET /api/v1/budget","timestamp":"2025-09-10T15:38:03.045Z"}
{"level":"info","message":"GET /api/v1/budget","timestamp":"2025-09-10T15:41:15.786Z"}
{"level":"info","message":"GET /api/v1/budget","timestamp":"2025-09-10T15:41:15.840Z"}
{"level":"info","message":"GET /api/v1/budget","timestamp":"2025-09-10T15:41:30.941Z"}
{"level":"info","message":"GET /api/v1/budget","timestamp":"2025-09-10T15:41:30.998Z"}
{"level":"info","message":"GET /api/v1/budget","timestamp":"2025-09-10T15:47:16.066Z"}
{"level":"info","message":"GET /api/v1/budget","timestamp":"2025-09-10T15:47:16.129Z"}
{"level":"info","message":"GET /api/v1/budget","timestamp":"2025-09-10T15:47:53.630Z"}
{"level":"info","message":"GET /api/v1/budget","timestamp":"2025-09-10T15:47:53.801Z"}
{"level":"info","message":"POST /api/v1/budget","timestamp":"2025-09-10T15:48:28.570Z"}
{"level":"info","message":"GET /api/v1/budget","timestamp":"2025-09-10T15:49:50.878Z"}
{"level":"info","message":"GET /api/v1/budget","timestamp":"2025-09-10T15:49:51.072Z"}
{"level":"info","message":"GET /api/v1/budget","timestamp":"2025-09-10T15:51:19.814Z"}
{"level":"info","message":"GET /api/v1/budget","timestamp":"2025-09-10T15:51:19.999Z"}
{"level":"info","message":"GET /api/v1/budget","timestamp":"2025-09-10T15:51:28.878Z"}
{"level":"info","message":"GET /api/v1/budget","timestamp":"2025-09-10T15:51:57.635Z"}
{"level":"info","message":"GET /api/v1/budget","timestamp":"2025-09-10T15:51:57.810Z"}
{"level":"info","message":"POST /api/v1/budget","timestamp":"2025-09-10T15:52:18.050Z"}
{"level":"info","message":"GET /api/v1/budget","timestamp":"2025-09-10T15:53:28.926Z"}
{"level":"info","message":"GET /api/v1/budget","timestamp":"2025-09-10T15:53:29.113Z"}
{"level":"info","message":"GET /api/v1/budget","timestamp":"2025-09-10T15:54:03.485Z"}
{"level":"info","message":"GET /api/v1/budget","timestamp":"2025-09-10T15:54:03.668Z"}
{"level":"info","message":"POST /api/v1/budget","timestamp":"2025-09-10T15:54:15.092Z"}
{"level":"info","message":"GET /api/v1/budget","timestamp":"2025-09-10T15:55:03.883Z"}
{"level":"info","message":"GET /api/v1/budget","timestamp":"2025-09-10T15:55:04.072Z"}
{"level":"info","message":"GET /api/v1/budget","timestamp":"2025-09-10T15:58:32.182Z"}
{"level":"info","message":"GET /api/v1/budget","timestamp":"2025-09-10T15:58:32.369Z"}
{"level":"info","message":"PUT /api/v1/budget/68c19f27b651484b45385a60","timestamp":"2025-09-10T15:58:44.374Z"}
